<?xml version="1.0" encoding="UTF-8"?>
<testsuite xmlns:xsi="http://www.w3.org/2001/XMLSchema-instance" xsi:noNamespaceSchemaLocation="https://maven.apache.org/surefire/maven-surefire-plugin/xsd/surefire-test-report.xsd" name="com.spolancom.ParserTest" time="0.018" tests="3" errors="0" skipped="0" failures="0">
  <properties>
[...]
</properties>
  <testcase name="testEvaluation" classname="com.spolancom.ParserTest" time="0.002"/>
  <testcase name="testVariables" classname="com.spolancom.ParserTest" time="0.013"/>
  <testcase name="testFunctionCall" classname="com.spolancom.ParserTest" time="0.001"/>
</testsuite>